<?xml version="1.0" encoding="UTF-8"?>
<!-- Generated by org.testng.reporters.JUnitReportReporter -->
<testsuite hostname="DESKTOP-BFPKR04" failures="0" tests="1" name="com.lpg.qa.InventoryManagementTestCases.DailyStatementReportTest" time="52.312" errors="0" timestamp="2023-01-16T19:23:13 IST" skipped="0">
  <testcase classname="com.lpg.qa.InventoryManagementTestCases.DailyStatementReportTest" name="DailyStatementReportPagetest" time="52.312"/>
  <system-out>
    <![CDATA[verifyMyerpagancycode
verifyMyerpUserid
 verifyMyerpPassword
verifyMyerplogin
verifyMyerpgenralreport
verifyMyerpdailycomplaintreport
verifyMyerpselectdate
verifyMyerpgetdatabtn
verifyMyerpgetdatabtn]]>
  </system-out>
</testsuite> <!-- com.lpg.qa.InventoryManagementTestCases.DailyStatementReportTest -->
