<?xml version="1.0" encoding="UTF-8"?>
<!-- Generated by org.testng.reporters.JUnitReportReporter -->
<testsuite hostname="DESKTOP-BFPKR04" failures="0" tests="1" name="com.lpg.qa.InventoryManagementTestCases.DailySummersiedStockDetailReportTest" time="13.289" errors="0" timestamp="2023-01-16T19:50:23 IST" skipped="0">
  <testcase classname="com.lpg.qa.InventoryManagementTestCases.DailySummersiedStockDetailReportTest" name="DailySummersiedStockDetailReportPagetest" time="13.289"/>
  <system-out>
    <![CDATA[verifyMyerpagancycode
verifyMyerpUserid
 verifyMyerpPassword
verifyMyerplogin
verifyMyerpgenralreport
verifyMyerpdailysummersedstockreport
verifyMyerpselectdate
verifyMyerpgetdatabtn]]>
  </system-out>
</testsuite> <!-- com.lpg.qa.InventoryManagementTestCases.DailySummersiedStockDetailReportTest -->
