<?xml version="1.0" encoding="UTF-8"?>
<!-- Generated by org.testng.reporters.JUnitReportReporter -->
<testsuite hostname="DESKTOP-BFPKR04" failures="0" tests="1" name="com.lpg.qa.accTestcases.BillingTypeTest" time="20.458" errors="0" timestamp="2023-01-09T22:48:05 IST" skipped="0">
  <testcase classname="com.lpg.qa.accTestcases.BillingTypeTest" name="BillingTypetest" time="20.458"/>
  <system-out>
    <![CDATA[verifyMyerpagancycode
verifyMyerpUserid
verifyMyerppassword
verifyMyerplogin
verifyMyerpmaster
verifyMyerpaccountmaster
verifyMyerpbillingtyp
verifyMyerptypename
verifyMyerpnooftype
verifyMyerpcheckactive
verifyMyerpbtnclear
verifyMyerptypename
verifyMyerpnooftype
verifyMyerpcheckactive
verifyMyerpsubmitbtn
verifyMyerpokbutton
 verifyMyerp pcsearchbar
verifyMyerpeditbutton
verifyMyerpconfirmbtn
verifyMyerptypename
verifyMyerpnooftype
verifyMyerpcheckactive
verifyMyerpupdatebtn
verifyMyerpokbutton
verifyMyerpcpexportbtn
 verifyMyerp pcsearchbar]]>
  </system-out>
</testsuite> <!-- com.lpg.qa.accTestcases.BillingTypeTest -->
