<?xml version="1.0" encoding="UTF-8"?>
<!-- Generated by org.testng.reporters.JUnitReportReporter -->
<testsuite hostname="DESKTOP-BFPKR04" failures="0" tests="1" name="com.lpg.qa.accountsTestcases.DayBookDetailsTest" time="21.685" errors="0" timestamp="2023-01-19T10:15:08 IST" skipped="0">
  <testcase classname="com.lpg.qa.accountsTestcases.DayBookDetailsTest" name="DayBookDetailsPageTest" time="21.685"/>
  <system-out>
    <![CDATA[verifyMyerpagancycode
verifyMyerpUserid
verifyMyerpPassword
verifyMyerplogin
verifyMyerpaccountreport
verifyMyerpdaybookdetail
verifyMyerpfromdate
verifyMyerptodate
 verifyMyerpgetdatabtn]]>
  </system-out>
</testsuite> <!-- com.lpg.qa.accountsTestcases.DayBookDetailsTest -->
