<?xml version="1.0" encoding="UTF-8"?>
<!-- Generated by org.testng.reporters.JUnitReportReporter -->
<testsuite hostname="DESKTOP-BFPKR04" failures="0" tests="1" name="com.lpg.qaTestcases.TransporterTest" time="43.341" errors="0" timestamp="2023-01-08T21:58:13 IST" skipped="0">
  <testcase classname="com.lpg.qaTestcases.TransporterTest" name="TransporterPageTest" time="43.341"/>
  <system-out>
    <![CDATA[verifyMyerpagancycode
verifyMyerpUserid
 verifyMyerpPassword
 verifyMyerplogin
verifyMyerpMasterModule
verifyMyerpGenralMasterModule
verifyMyerptransporter
verifyMyerptcompanycode
verifyMyerptname
verifyMyerptcontanctdetail
verifyMyerptaddress1
verifyMyerptselectcity
verifyMyerptclearbtn
verifyMyerptcompanycode
verifyMyerptname
verifyMyerptcontanctdetail
verifyMyerptaddress1
verifyMyerptselectcity
verifyMyerpsupplie rtsubmitbtn
verifyMyerptsubmitok
 verifyMyerp pcsearchbar
verifyMyerptseditbtn
verifyMyerptyesupdateitbtn
verifyMyerptname
verifyMyerptupdatebtn
verifyMyerptupdatedmsgok
verifyMyerptexportbtn
 verifyMyerp pcsearchbar]]>
  </system-out>
</testsuite> <!-- com.lpg.qaTestcases.TransporterTest -->
