<?xml version="1.0" encoding="UTF-8"?>
<!-- Generated by org.testng.reporters.JUnitReportReporter -->
<testsuite hostname="DESKTOP-BFPKR04" failures="0" tests="1" name="com.lpg.qaTestcases.TvTypeTest" time="47.061" errors="0" timestamp="2023-01-11T18:47:04 IST" skipped="0">
  <testcase classname="com.lpg.qaTestcases.TvTypeTest" name="TvTypetest" time="47.061"/>
  <system-out>
    <![CDATA[verifyMyerpagancycode
verifyMyerpUserid
verifyMyerppassword
verifyMyerplogin
verifyMyerpmastermodule
verifyMyerpgeneralmaster
verifyMyerppagena
verifyMyerppagena
verifyMyerptvtypemaster
verifyMyerptvname
verifyMyerpchkactive
verifyMyerpclearbtn
verifyMyerptvname
verifyMyerpchkactive
verifyMyerpsubmitbtn
verifyMyerpokbtn
 verifyMyerp pcsearchbar
verifyMyerpeditbtn
verifyMyerpconfirmbtn
verifyMyerptvname2
verifyMyerpchkactive1
verifyMyerpupdatebtn
verifyMyerpupdateokbtn
verifyMyerpexportbtn
 verifyMyerp pcsearchbar]]>
  </system-out>
</testsuite> <!-- com.lpg.qaTestcases.TvTypeTest -->
