<?xml version="1.0" encoding="UTF-8"?>
<!-- Generated by org.testng.reporters.JUnitReportReporter -->
<testsuite hostname="DESKTOP-BFPKR04" failures="0" tests="1" name="com.lpg.qa.accTestcases.BankTest" time="143.217" errors="0" timestamp="2023-01-09T13:25:30 IST" skipped="0">
  <testcase classname="com.lpg.qa.accTestcases.BankTest" name="BankPageTest" time="143.217"/>
  <system-out>
    <![CDATA[verifyMyerpagancycode
verifyMyerpUserid
 verifyMyerpPassword
 verifyMyerplogin
verifyMyerpMasterModule
verifyMyerpaccountmaster
verifyMyerpbankform
verifyMyerpbankcode
verifyMyerpbdescription
verifyMyerpbaccountnumber
verifyMyerpbaliasname
 verifyMyerpbactivechkbtn
verifyMyerpbcleartbtn
verifyMyerpbankcode
verifyMyerpbdescription
verifyMyerpbaccountnumber
verifyMyerpbaliasname
 verifyMyerpbactivechkbtn
verifyMyerpbsubmitbtn
verifyMyerpbsubmitokbtn
 verifyMyerp pcsearchbar
verifyMyerpbeditbtn
verifyMyerpbyesupdatebtn
verifyMyerpbankcode
verifyMyerpbdescription
verifyMyerpbupdatebtn
verifyMyerpbupdateokbtn
verifyMyerpbexportbtn
 verifyMyerp pcsearchbar]]>
  </system-out>
</testsuite> <!-- com.lpg.qa.accTestcases.BankTest -->
