<?xml version="1.0" encoding="UTF-8"?>
<!-- Generated by org.testng.reporters.JUnitReportReporter -->
<testsuite hostname="DESKTOP-BFPKR04" failures="0" tests="1" name="com.lpg.qa.CounterSalesTestCases.CounterSaleInvoiceDetailsTest" time="13.441" errors="0" timestamp="2023-01-13T14:50:47 IST" skipped="0">
  <testcase classname="com.lpg.qa.CounterSalesTestCases.CounterSaleInvoiceDetailsTest" name="CounterSaleInvoiceDetailsPageTest" time="13.441"/>
  <system-out>
    <![CDATA[verifyMyerpagancycode
verifyMyerpUserid
 verifyMyerpPassword
 verifyMyerplogin
 verifyMyerpgerneralreport
 verifyMyerpcounterinvoicedetails
 verifyMyerppurchasebillno
 verifyMyerpgetdatabtn
 verifyMyerprintinvoicebtn]]>
  </system-out>
</testsuite> <!-- com.lpg.qa.CounterSalesTestCases.CounterSaleInvoiceDetailsTest -->
