<?xml version="1.0" encoding="UTF-8"?>
<!-- Generated by org.testng.reporters.JUnitReportReporter -->
<testsuite hostname="DESKTOP-BFPKR04" failures="0" tests="1" name="com.lpg.qaTestcases.DomesticAreaTest" time="43.593" errors="0" timestamp="2023-01-11T16:39:30 IST" skipped="0">
  <testcase classname="com.lpg.qaTestcases.DomesticAreaTest" name="DomesticAreatest" time="43.593"/>
  <system-out>
    <![CDATA[verifyMyerpagancycode
verifyMyerpUserid
verifyMyerppassword
verifyMyerplogin
verifyMyerpmastermodule
verifyMyerpgeneralmaster
verifyMyerppagena
verifyMyerppagena
verifyMyerpdomesticarea
verifyMyerpareaname
verifyMyerpareadescription
verifyMyerpcheckactivebtn
verifyMyerpclearbtn
verifyMyerpareaname
verifyMyerpareadescription
verifyMyerpcheckactivebtn
verifyMyerpsubmitbtn
verifyMyerpokbtnclick
 verifyMyerp pcsearchbar
verifyMyerpeditbtn
verifyMyerpconfirmbtn
verifyMyerpareaname
verifyMyerpdescription
verifyMyerpupdatebtn
verifyMyerpupdateokbtn
 verifyMyerp pcsearchbar]]>
  </system-out>
</testsuite> <!-- com.lpg.qaTestcases.DomesticAreaTest -->
