<?xml version="1.0" encoding="UTF-8"?>
<!-- Generated by org.testng.reporters.JUnitReportReporter -->
<testsuite hostname="DESKTOP-BFPKR04" failures="0" tests="1" name="com.lpg.qa.accTestcases.AddCompanyTest" time="48.468" errors="0" timestamp="2023-01-09T12:18:58 IST" skipped="0">
  <testcase classname="com.lpg.qa.accTestcases.AddCompanyTest" name="AddCompanyPageTest" time="48.468"/>
  <system-out>
    <![CDATA[verifyMyerpagancycode
verifyMyerpUserid
 verifyMyerpPassword
 verifyMyerplogin
verifyMyerpMasterModule
verifyMyerpaccountmaster
verifyMyerpaddcompanyform
verifyMyerpacfirstname
verifyMyerpaclastname
verifyMyerpacocontanctnumber
verifyMyerpaccoemail
verifyMyerpaccompanyname
verifyMyerpaccompanycode
verifyMyerpaccity
verifyMyerpacemail
verifyMyerpaccontanctnum1
verifyMyerpacaddress1
verifyMyerpacpannumber
verifyMyerpacgstinnumber
 verifyMyerpacactivechkbtn
verifyMyerpacclearbtn
verifyMyerpacfirstname
verifyMyerpaclastname
verifyMyerpacocontanctnumber
verifyMyerpaccoemail
verifyMyerpaccompanyname
verifyMyerpaccompanycode
verifyMyerpaccity
verifyMyerpacemail
verifyMyerpaccontanctnum1
verifyMyerpacaddress1
verifyMyerpacpannumber
verifyMyerpacgstinnumber
 verifyMyerpacactivechkbtn
verifyMyerpacsubmitbtn
verifyMyerpacsubmitokbtn
 verifyMyerp pcsearchbar
verifyMyerpaceditbtn
verifyMyerpacyesupdatebtn
verifyMyerpaccompanyname
verifyMyerpaccompanycode
verifyMyerpacupdatebtn
verifyMyerpacupdateokbtn
verifyMyerpacexportbtn
 verifyMyerp pcsearchbar]]>
  </system-out>
</testsuite> <!-- com.lpg.qa.accTestcases.AddCompanyTest -->
