<?xml version="1.0" encoding="UTF-8"?>
<!-- Generated by org.testng.reporters.JUnitReportReporter -->
<testsuite hostname="DESKTOP-BFPKR04" failures="0" tests="1" name="com.lpg.qa.accountsTestcases.ARReceiptNoWiseReportTest" time="26.340" errors="0" timestamp="2023-01-17T19:05:54 IST" skipped="0">
  <testcase classname="com.lpg.qa.accountsTestcases.ARReceiptNoWiseReportTest" name="ARReceiptNoWiseReportPageTest" time="26.340"/>
  <system-out>
    <![CDATA[verifyMyerpagancycode
verifyMyerpUserid
verifyMyerpPassword
verifyMyerplogin
verifyMyerpaccountreport
verifyMyerpaccountingreport
verifyMyerpreceiptnowisereport
verifyMyerpfromdocno
verifyMyerptodocno
 verifyMyerpgetdatabtn]]>
  </system-out>
</testsuite> <!-- com.lpg.qa.accountsTestcases.ARReceiptNoWiseReportTest -->
