<?xml version="1.0" encoding="UTF-8"?>
<!-- Generated by org.testng.reporters.JUnitReportReporter -->
<testsuite hostname="DESKTOP-BFPKR04" failures="0" tests="1" name="com.lpg.qaTestcases.UserAccesstest" time="22.521" errors="0" timestamp="2023-01-12T12:05:00 IST" skipped="0">
  <testcase classname="com.lpg.qaTestcases.UserAccesstest" name="UserAccessPageTest" time="22.521"/>
  <system-out>
    <![CDATA[verifyMyerpagancycode
verifyMyerpUserid
verifyMyerppassword
verifyMyerplogin
verifyMyerpmastermodule
verifyMyerpgeneralmaster
verifyMyerppagena
verifyMyerpuseraccessform
verifyMyerpgetdatabtn
verifyMyerpchektax1
verifyMyerpchecktax2
verifyMyerpchecktax3
verifyMyerpchecktax4
verifyMyerpchecktax5
verifyMyerpsubmitbtn
verifyMyerpgetdatabtn]]>
  </system-out>
</testsuite> <!-- com.lpg.qaTestcases.UserAccesstest -->
