<?xml version="1.0" encoding="UTF-8"?>
<!-- Generated by org.testng.reporters.JUnitReportReporter -->
<testsuite hostname="DESKTOP-BFPKR04" failures="0" tests="1" name="com.lpg.qa.accountsTestcases.ContraRegisterVoucherNoWiseTest" time="16.056" errors="0" timestamp="2023-01-18T11:11:17 IST" skipped="0">
  <testcase classname="com.lpg.qa.accountsTestcases.ContraRegisterVoucherNoWiseTest" name="ContraRegisterVoucherNoWisePageTest" time="16.056"/>
  <system-out>
    <![CDATA[verifyMyerpagancycode
verifyMyerpUserid
verifyMyerpPassword
verifyMyerplogin
verifyMyerpaccountreport
verifyMyerpaccountingreport
verifyMyerpcontranowisereport
verifyMyerpfromdocno
verifyMyerptodocno
 verifyMyerpgetdatabtn]]>
  </system-out>
</testsuite> <!-- com.lpg.qa.accountsTestcases.ContraRegisterVoucherNoWiseTest -->
