<?xml version="1.0" encoding="UTF-8"?>
<!-- Generated by org.testng.reporters.JUnitReportReporter -->
<testsuite hostname="DESKTOP-BFPKR04" failures="0" tests="1" name="com.lpg.qa.InventoryManagementTestCases.StockEntroyTest" time="20.523" errors="0" timestamp="2023-01-31T13:47:50 IST" skipped="0">
  <testcase classname="com.lpg.qa.InventoryManagementTestCases.StockEntroyTest" name="StockEntorytest" time="20.523"/>
  <system-out>
    <![CDATA[verifyMyerpinventorymanagement
verifyMyerpstockentry
verifyMyerpopeningfull
verifyMyerpopeningempty
verifyMyerpdefective
verifyMyerpcredit
verifyMyerpminstock
verifyMyerpvaluavtion
verifyMyerpclearbtn
verifyMyerpopeningfull
verifyMyerpopeningempty
verifyMyerpdefective
verifyMyerpcredit
verifyMyerpminstock
verifyMyerpvaluavtion
verifyMyerpsubmitbtn]]>
  </system-out>
</testsuite> <!-- com.lpg.qa.InventoryManagementTestCases.StockEntroyTest -->
