<?xml version="1.0" encoding="UTF-8"?>
<!-- Generated by org.testng.reporters.JUnitReportReporter -->
<testsuite hostname="DESKTOP-BFPKR04" failures="0" tests="1" name="com.lpg.qa.tvmoduletestcases.PartialTVOutListTest" time="26.217" errors="0" timestamp="2023-01-05T10:24:59 IST" skipped="0">
  <testcase classname="com.lpg.qa.tvmoduletestcases.PartialTVOutListTest" name="PartialTVOutListPageTest" time="26.217"/>
  <system-out>
    <![CDATA[verifyMyerpagancycode
verifyMyerpUserid
 verifyMyerpPassword
 verifyMyerplogin
verifyMyerptvmodule
verifyMyerpptvtvoutlistform
verifyMyerptvoutconsumernum
verifyMyertvouttotaldeposit
verifyMyerptclearbtn
verifyMyerptvmodule
verifyMyerpptvtvoutlistform
verifyMyerptvoutconsumernum
verifyMyertvouttotaldeposit
verifyMyerptsubmitbtnn]]>
  </system-out>
</testsuite> <!-- com.lpg.qa.tvmoduletestcases.PartialTVOutListTest -->
