<?xml version="1.0" encoding="UTF-8"?>
<!-- Generated by org.testng.reporters.JUnitReportReporter -->
<testsuite hostname="DESKTOP-BFPKR04" failures="0" tests="1" name="com.lpg.qaTestcases.UserpageTest" time="37.977" errors="0" timestamp="2023-01-13T10:14:37 IST" skipped="0">
  <testcase classname="com.lpg.qaTestcases.UserpageTest" name="Userpagetest" time="37.977"/>
  <system-out>
    <![CDATA[verifyMyerpagancycode
verifyMyerpUserid
verifyMyerppassword
verifyMyerplogin
verifyMyerpmastermodule
verifyMyerpgeneralmaster
verifyMyerppagena
verifyMyerpusermaster
verifyMyerpuseridname
verifyMyerpuserpass
verifyMyerpuseremail
verifyMyerpusermob
verifyMyerpcheckboxcl
 verifyMyerpclearbtn
verifyMyerpuseridname
verifyMyerpuserpass
verifyMyerpuseremail
verifyMyerpusermob
verifyMyerpcheckboxcl
verifyMyerpsubmitbtn
 verifyMyerpcdpsubmitokbtn
 verifyMyerp pcsearchbar
 verifyMyerpcdpebtnedit
 verifyMyerpcdpbtnyesupdateit
verifyMyerpuseremail
verifyMyerpusermob
 verifyMyerpcdpupdatebtn
 verifyMyerpcdpupdateokbtn
 verifyMyerpcdpbtnexport
 verifyMyerp pcsearchbar]]>
  </system-out>
</testsuite> <!-- com.lpg.qaTestcases.UserpageTest -->
