<?xml version="1.0" encoding="UTF-8"?>
<!-- Generated by org.testng.reporters.JUnitReportReporter -->
<testsuite hostname="DESKTOP-BFPKR04" failures="0" tests="1" name="com.lpg.qa.CommercialcylsaleTestCases.CommercialSaleOutStandingRegisterTest" time="18.031" errors="0" timestamp="2023-01-16T17:45:05 IST" skipped="0">
  <testcase classname="com.lpg.qa.CommercialcylsaleTestCases.CommercialSaleOutStandingRegisterTest" name="CommercialSaleOutStandingRegisterPagetest" time="18.031"/>
  <system-out>
    <![CDATA[verifyMyerpagancycode
verifyMyerpUserid
 verifyMyerpPassword
verifyMyerplogin
verifyMyerpgenralreport
verifyMyerpcommercialsaleOutStandingReg
verifyMyerpfromdate
verifyMyerptodate
verifyMyerpgetdatabtn
verifyMyerpgetdatabtn]]>
  </system-out>
</testsuite> <!-- com.lpg.qa.CommercialcylsaleTestCases.CommercialSaleOutStandingRegisterTest -->
