<?xml version="1.0" encoding="UTF-8"?>
<!-- Generated by org.testng.reporters.JUnitReportReporter -->
<testsuite hostname="DESKTOP-BFPKR04" failures="0" tests="1" name="com.lpg.qa.accTestcases.LedgersConfigrationTest" time="9.358" errors="0" timestamp="2023-02-08T17:27:13 IST" skipped="0">
  <testcase classname="com.lpg.qa.accTestcases.LedgersConfigrationTest" name="LedgersConfigrationPageTest" time="9.358"/>
  <system-out>
    <![CDATA[verifyMyerpagancycode
verifyMyerpUserid
 verifyMyerpPassword
 verifyMyerplogin
verifyMyerpMasterModule
verifyMyerpaccountmaster
verifyMyerpLedgersconfigform
verifyMyerplcclearbtn
verifyMyerplcsubmitbtn]]>
  </system-out>
</testsuite> <!-- com.lpg.qa.accTestcases.LedgersConfigrationTest -->
