<?xml version="1.0" encoding="UTF-8"?>
<!-- Generated by org.testng.reporters.JUnitReportReporter -->
<testsuite hostname="DESKTOP-BFPKR04" failures="0" tests="1" name="com.lpg.qaTestcases.ReasonTest" time="37.760" errors="0" timestamp="2023-01-11T16:23:24 IST" skipped="0">
  <testcase classname="com.lpg.qaTestcases.ReasonTest" name="Reasontest" time="37.760"/>
  <system-out>
    <![CDATA[verifyMyerpagancycode
verifyMyerpUserid
verifyMyerppassword
verifyMyerplogin
verifyMyerpmastermodule
verifyMyerpgeneralmaster
verifyMyerppagena
verifyMyerppagena
verifyMyerpreasonopn
verifyMyerpreasonname
verifyMyerpresondescription
verifyMyerpcheckactivebtn
verifyMyerpclearbtn
verifyMyerpreasonname
verifyMyerpresondescription
verifyMyerpcheckactivebtn
verifyMyerpsubmitbtn
verifyMyerpokbuttonclick
 verifyMyerp pcsearchbar
verifyMyerpeditbtn
verifyMyerpconfirmbtn
verifyMyerpreasonname
verifyMyerpresondescription
verifyMyerpupdatebtn
verifyMyerpupdateokbtn
 verifyMyerp pcsearchbar]]>
  </system-out>
</testsuite> <!-- com.lpg.qaTestcases.ReasonTest -->
