<?xml version="1.0" encoding="UTF-8"?>
<!-- Generated by org.testng.reporters.JUnitReportReporter -->
<testsuite hostname="DESKTOP-BFPKR04" failures="0" tests="1" name="com.lpg.qa.CommercialcylsaleTestCases.CommercialCylSaleRegisterTest" time="29.631" errors="0" timestamp="2023-01-16T17:25:48 IST" skipped="0">
  <testcase classname="com.lpg.qa.CommercialcylsaleTestCases.CommercialCylSaleRegisterTest" name="CommercialCylSaleRegisterPagetest" time="29.631"/>
  <system-out>
    <![CDATA[verifyMyerpagancycode
verifyMyerpUserid
 verifyMyerpPassword
verifyMyerplogin
verifyMyerpgenralreport
verifyMyerpcommercialcylsaleregister
verifyMyerpfromdate
verifyMyerptodate
verifyMyerpgetdatabtn
verifyMyerpgetdatabtn]]>
  </system-out>
</testsuite> <!-- com.lpg.qa.CommercialcylsaleTestCases.CommercialCylSaleRegisterTest -->
