<?xml version="1.0" encoding="UTF-8"?>
<!-- Generated by org.testng.reporters.JUnitReportReporter -->
<testsuite hostname="DESKTOP-BFPKR04" failures="0" tests="1" name="com.lpg.qaTestcases.unitofmeasurmentpagetest" time="23.192" errors="0" timestamp="2023-01-12T18:50:50 IST" skipped="0">
  <testcase classname="com.lpg.qaTestcases.unitofmeasurmentpagetest" name="UnitofmeasurmentpageTest" time="23.192"/>
  <system-out>
    <![CDATA[verifyMyerpagancycode
verifyMyerpUserid
verifyMyerppassword
verifyMyerplogin
verifyMyerpmastermodule
verifyMyerpgeneralmaster
verifyMyerpunitmaserment
verifyMyerpunitname
verifyMyerpunitshortname
verifyMyerpunitdescription
verifyMyerpunitactivebtn
verifyMyerpclearbtn
verifyMyerpunitname
verifyMyerpunitshortname
verifyMyerpunitdescription
verifyMyerpunitactivebtn
verifyMyerpsubmitbtn
verifyMyerpokbtn
 verifyMyerp pcsearchbar
verifyMyerpeditbtn
verifyMyerpconfirmbtn
verifyMyerpunitname
verifyMyerpunitdescription
verifyMyerpunitshortname
verifyMyerpupdatebtn
verifyMyerpupdateokbtn
verifyMyerpexportbtn
 verifyMyerp pcsearchbar]]>
  </system-out>
</testsuite> <!-- com.lpg.qaTestcases.unitofmeasurmentpagetest -->
