<?xml version="1.0" encoding="UTF-8"?>
<!-- Generated by org.testng.reporters.JUnitReportReporter -->
<testsuite hostname="DESKTOP-BFPKR04" failures="0" tests="1" name="com.lpg.qaTestcases.NonSVDetailsReportTest" time="13.624" errors="0" timestamp="2023-01-17T16:00:05 IST" skipped="0">
  <testcase classname="com.lpg.qaTestcases.NonSVDetailsReportTest" name="NonSVDetailsReportPageTest" time="13.624"/>
  <system-out>
    <![CDATA[verifyMyerpagancycode
verifyMyerpUserid
verifyMyerpPassword
verifyMyerplogin
verifyMyerpgerneralreport
verifyMyerpnonsvdetailreport
verifyMyerpfromdate
verifyMyerptodate
 verifyMyerpgetdatabtn]]>
  </system-out>
</testsuite> <!-- com.lpg.qaTestcases.NonSVDetailsReportTest -->
