<?xml version="1.0" encoding="UTF-8"?>
<!-- Generated by org.testng.reporters.JUnitReportReporter -->
<testsuite hostname="DESKTOP-BFPKR04" failures="0" tests="1" name="com.lpg.qa.CounterSalesTestCases.SaleRegisterTest" time="17.556" errors="0" timestamp="2023-01-13T15:44:14 IST" skipped="0">
  <testcase classname="com.lpg.qa.CounterSalesTestCases.SaleRegisterTest" name="SaleRegisterPageTest" time="17.556"/>
  <system-out>
    <![CDATA[verifyMyerpagancycode
verifyMyerpUserid
 verifyMyerpPassword
 verifyMyerplogin
 verifyMyerpgerneralreport
 verifyMyerpsaleregister
 verifyMyerpselectdate
 verifyMyerpgetdatabtn]]>
  </system-out>
</testsuite> <!-- com.lpg.qa.CounterSalesTestCases.SaleRegisterTest -->
