<?xml version="1.0" encoding="UTF-8"?>
<!-- Generated by org.testng.reporters.JUnitReportReporter -->
<testsuite hostname="DESKTOP-BFPKR04" failures="0" tests="1" name="com.lpg.qa.accTestcases.UpdateStockTest" time="15.905" errors="0" timestamp="2023-01-09T23:38:53 IST" skipped="0">
  <testcase classname="com.lpg.qa.accTestcases.UpdateStockTest" name="UpdateStocktest" time="15.905"/>
  <system-out>
    <![CDATA[verifyMyerpagancycode
verifyMyerpUserid
verifyMyerppassword
verifyMyerplogin
verifyMyerpmaster
verifyMyerpaccountmaster
verifyMyerppagenavigataion
verifyMyerpupdatestock
verifyMyerpslectdate
verifyMyerpgetdata
verifyMyerpchengeopefull
verifyMyerpsubmitbtn]]>
  </system-out>
</testsuite> <!-- com.lpg.qa.accTestcases.UpdateStockTest -->
