<?xml version="1.0" encoding="UTF-8"?>
<!-- Generated by org.testng.reporters.JUnitReportReporter -->
<testsuite hostname="DESKTOP-BFPKR04" failures="0" tests="1" name="com.lpg.qa.CounterSalesTestCases.CounterSaleRegisterTest" time="15.932" errors="0" timestamp="2023-01-13T15:13:18 IST" skipped="0">
  <testcase classname="com.lpg.qa.CounterSalesTestCases.CounterSaleRegisterTest" name="CounterSaleRegisterPageTest" time="15.932"/>
  <system-out>
    <![CDATA[verifyMyerpagancycode
verifyMyerpUserid
 verifyMyerpPassword
 verifyMyerplogin
 verifyMyerpgerneralreport
 verifyMyerpcontersaleregister
 verifyMyerpselectdate
 verifyMyerpconsumerno
 verifyMyerpgetdatabtn]]>
  </system-out>
</testsuite> <!-- com.lpg.qa.CounterSalesTestCases.CounterSaleRegisterTest -->
