<?xml version="1.0" encoding="UTF-8"?>
<!-- Generated by org.testng.reporters.JUnitReportReporter -->
<testsuite hostname="DESKTOP-BFPKR04" failures="0" tests="1" name="com.lpg.qaTestcases.Servicespagetest" time="51.852" errors="0" timestamp="2023-01-11T17:33:41 IST" skipped="0">
  <testcase classname="com.lpg.qaTestcases.Servicespagetest" name="ServicespageTest" time="51.852"/>
  <system-out>
    <![CDATA[verifyMyerpagancycode
verifyMyerpUserid
verifyMyerppassword
verifyMyerplogin
verifyMyerpmastermodule
verifyMyerpgeneralmaster
verifyMyerppagena
verifyMyerpservices
verifyMyerpservicedescription
verifyMyerpservicetitile
verifyMyerpservicealiasname
verifyMyerpservicecost
verifyMyerpservicehsnco
verifyMyerpserviceactivbtn
verifyMyerpserviceigst
verifyMyerpupdategst
verifyMyerpgsttextrate1
verifyMyerpgsttestrate2
verifyMyerpsavebtn
verifyMyerpcpclearbtn
verifyMyerpservicedescription
verifyMyerpservicetitile
verifyMyerpservicealiasname
verifyMyerpservicecost
verifyMyerpservicehsnco
verifyMyerpserviceactivbtn
verifyMyerpserviceigst
verifyMyerpupdategst
verifyMyerpgsttextrate1
verifyMyerpgsttestrate2
verifyMyerpsavebtn
verifyMyerpsubmitbtn
verifyMyerpokbtn
 verifyMyerp pcsearchbar
verifyMyerpeditbtn
verifyMyerpconfirmbtn
verifyMyerpservicedescription
verifyMyerpservicetitile
verifyMyerpservicehsnco
verifyMyerpexportbtn
 verifyMyerp pcsearchbar]]>
  </system-out>
</testsuite> <!-- com.lpg.qaTestcases.Servicespagetest -->
