<?xml version="1.0" encoding="UTF-8"?>
<!-- Generated by org.testng.reporters.JUnitReportReporter -->
<testsuite hostname="DESKTOP-BFPKR04" failures="0" tests="1" name="com.lpg.qa.PurchaseTestCases.PurchaseInvoiceDetailsTest" time="13.331" errors="0" timestamp="2023-01-13T12:24:18 IST" skipped="0">
  <testcase classname="com.lpg.qa.PurchaseTestCases.PurchaseInvoiceDetailsTest" name="PurchaseInvoiceDetailsPageTest" time="13.331"/>
  <system-out>
    <![CDATA[verifyMyerpagancycode
verifyMyerpUserid
 verifyMyerpPassword
 verifyMyerplogin
 verifyMyerpgerneralreport
 verifyMyerppurchaseinvoicedetails
 verifyMyerppurchasebillno
 verifyMyerpgetdatabtn]]>
  </system-out>
</testsuite> <!-- com.lpg.qa.PurchaseTestCases.PurchaseInvoiceDetailsTest -->
