<?xml version="1.0" encoding="UTF-8"?>
<!-- Generated by org.testng.reporters.JUnitReportReporter -->
<testsuite hostname="DESKTOP-BFPKR04" failures="0" tests="1" name="com.lpg.qa.accountsTestcases.DetailLedgersReportTest" time="27.854" errors="0" timestamp="2023-01-18T12:16:19 IST" skipped="0">
  <testcase classname="com.lpg.qa.accountsTestcases.DetailLedgersReportTest" name="DetailLedgersReportPageTest" time="27.854"/>
  <system-out>
    <![CDATA[verifyMyerpagancycode
verifyMyerpUserid
verifyMyerpPassword
verifyMyerplogin
verifyMyerpaccountreport
verifyMyerpaccountingreport
verifyMyerppagenav
verifyMyerpdetailledgersegister
verifyMyerpfromdate
verifyMyerptodate
 verifyMyerpgetdatabtn]]>
  </system-out>
</testsuite> <!-- com.lpg.qa.accountsTestcases.DetailLedgersReportTest -->
