<?xml version="1.0" encoding="UTF-8"?>
<!-- Generated by org.testng.reporters.JUnitReportReporter -->
<testsuite hostname="DESKTOP-BFPKR04" failures="0" tests="1" name="com.lpg.qa.accountsTestcases.CashCollectionDetailsTest" time="11.457" errors="0" timestamp="2023-01-24T17:24:59 IST" skipped="0">
  <testcase classname="com.lpg.qa.accountsTestcases.CashCollectionDetailsTest" name="CashCollectionDetailstest" time="11.457"/>
  <system-out>
    <![CDATA[verifyMyerpagancycode
verifyMyerpUserid
verifyMyerppassword
verifyMyerplogin
verifyMyerpaccounts
verifyMyerpcashcolldet
verifyMyerpcashdate
verifyMyerpgetdata]]>
  </system-out>
</testsuite> <!-- com.lpg.qa.accountsTestcases.CashCollectionDetailsTest -->
