<?xml version="1.0" encoding="UTF-8"?>
<!-- Generated by org.testng.reporters.JUnitReportReporter -->
<testsuite hostname="DESKTOP-BFPKR04" failures="0" tests="1" name="com.lpg.qa.gtTestCases.LoadReceivedDetailReportTest" time="11.252" errors="0" timestamp="2023-01-16T15:04:31 IST" skipped="0">
  <testcase classname="com.lpg.qa.gtTestCases.LoadReceivedDetailReportTest" name="LoadReceivedDetailReportPgeTest" time="11.252"/>
  <system-out>
    <![CDATA[verifyMyerpagancycode
verifyMyerpUserid
 verifyMyerpPassword
verifyMyerplogin
verifyMyerpgenralreport
verifyMyerploadreceiveddetailreg
verifyMyerpfromdate
verifyMyerptodate
verifyMyerpgetdatabtn]]>
  </system-out>
</testsuite> <!-- com.lpg.qa.gtTestCases.LoadReceivedDetailReportTest -->
