<?xml version="1.0" encoding="UTF-8"?>
<!-- Generated by org.testng.reporters.JUnitReportReporter -->
<testsuite hostname="DESKTOP-BFPKR04" failures="0" tests="1" name="com.lpg.qa.accTestcases.AddCommercialDiscountPackageTest" time="42.446" errors="0" timestamp="2023-01-09T16:21:29 IST" skipped="0">
  <testcase classname="com.lpg.qa.accTestcases.AddCommercialDiscountPackageTest" name="AddCommercialDiscountPackagetest" time="42.446"/>
  <system-out>
    <![CDATA[verifyMyerpagancycode
verifyMyerpUserid
verifyMyerppassword
verifyMyerplogin
verifyMyerpmaster
verifyMyerpaccountmaster
verifyMyerpaddcomdispack
verifyMyerpdispackname
verifyMyerpdiscription
verifyMyerpdiscountamt
verifyMyerpclearbtn
verifyMyerpdispackname
verifyMyerpdiscription
verifyMyerpdiscountamt
verifyMyerpsubmitbtn
verifyMyerpokbtn
 verifyMyerp pcsearchbar
verifyMyerpeditbtn
verifyMyerpconfirmbtn
verifyMyerpdispackname
verifyMyerpdiscription
verifyMyerpupdatebtn
 verifyMyerpcdpupdateokbtn
 verifyMyerpcdpbtnexport
 verifyMyerp pcsearchbar]]>
  </system-out>
</testsuite> <!-- com.lpg.qa.accTestcases.AddCommercialDiscountPackageTest -->
