<?xml version="1.0" encoding="UTF-8"?>
<!-- Generated by org.testng.reporters.JUnitReportReporter -->
<testsuite hostname="DESKTOP-BFPKR04" failures="0" tests="1" name="com.lpg.qa.tvmoduletestcases.TVOutDetailsReportTest" time="9.786" errors="0" timestamp="2023-01-05T11:58:00 IST" skipped="0">
  <testcase classname="com.lpg.qa.tvmoduletestcases.TVOutDetailsReportTest" name="TVOutDetailsReportPageTest" time="9.786"/>
  <system-out>
    <![CDATA[verifyMyerpagancycode
verifyMyerpUserid
 verifyMyerpPassword
verifyMyerplogin
verifyMyerpgenralreport
verifyMyerptvoutdeatailsreport
verifyMyerppleaseselectfromdate
verifyMyerppleaseselecttodate
 verifyMyerptvregboxbody
verifyMyerpgmtvregconsumernum
 verifyMyerptvregboxbody
 verifyMyerptvoreggetdatabtn]]>
  </system-out>
</testsuite> <!-- com.lpg.qa.tvmoduletestcases.TVOutDetailsReportTest -->
