<?xml version="1.0" encoding="UTF-8"?>
<!-- Generated by org.testng.reporters.JUnitReportReporter -->
<testsuite hostname="DESKTOP-BFPKR04" failures="0" tests="1" name="com.lpg.qa.gtTestCases.CommercialDeliveryReportTest" time="18.799" errors="0" timestamp="2023-01-05T17:57:23 IST" skipped="0">
  <testcase classname="com.lpg.qa.gtTestCases.CommercialDeliveryReportTest" name="CommercialDeliveryReportPageTest" time="18.799"/>
  <system-out>
    <![CDATA[verifyMyerpagancycode
verifyMyerpUserid
 verifyMyerpPassword
 verifyMyerplogin
 verifyMyerpgerneralreport
 verifyMyerpcommercialdeliveryreport
 verifyMyerpselectdate
 verifyMyerpgetdatabtn]]>
  </system-out>
</testsuite> <!-- com.lpg.qa.gtTestCases.CommercialDeliveryReportTest -->
