<?xml version="1.0" encoding="UTF-8"?>
<!-- Generated by org.testng.reporters.JUnitReportReporter -->
<testsuite hostname="DESKTOP-BFPKR04" failures="0" tests="1" name="com.lpg.qa.TestCases.LpgLoginPageTest" time="0.623" errors="0" timestamp="2023-01-04T22:52:25 IST" skipped="0">
  <testcase classname="com.lpg.qa.TestCases.LpgLoginPageTest" name="LoginPageTest" time="0.623"/>
  <system-out>
    <![CDATA[verifyMyeryAgencycode
verifyMyerpUserid
 verifyMyerpPassword
 verifyMyerplogin]]>
  </system-out>
</testsuite> <!-- com.lpg.qa.TestCases.LpgLoginPageTest -->
