<?xml version="1.0" encoding="UTF-8"?>
<!-- Generated by org.testng.reporters.JUnitReportReporter -->
<testsuite hostname="DESKTOP-BFPKR04" failures="0" tests="1" name="com.lpg.qa.accountsTestcases.CreditNoteRegisterVoucherNoWiseTest" time="15.811" errors="0" timestamp="2023-01-18T11:56:01 IST" skipped="0">
  <testcase classname="com.lpg.qa.accountsTestcases.CreditNoteRegisterVoucherNoWiseTest" name="CreditNoteRegisterVoucherNoWisePageTest" time="15.811"/>
  <system-out>
    <![CDATA[verifyMyerpagancycode
verifyMyerpUserid
verifyMyerpPassword
verifyMyerplogin
verifyMyerpaccountreport
verifyMyerpaccountingreport
verifyMyerppagenav
verifyMyerpcreditnotenowisereport
verifyMyerpfromdocno
verifyMyerptodocno
 verifyMyerpgetdatabtn]]>
  </system-out>
</testsuite> <!-- com.lpg.qa.accountsTestcases.CreditNoteRegisterVoucherNoWiseTest -->
