<?xml version="1.0" encoding="UTF-8"?>
<!-- Generated by org.testng.reporters.JUnitReportReporter -->
<testsuite hostname="DESKTOP-BFPKR04" failures="0" tests="1" name="com.lpg.qaTestcases.ParentProductCategoryTest" time="34.170" errors="0" timestamp="2023-01-07T23:10:12 IST" skipped="0">
  <testcase classname="com.lpg.qaTestcases.ParentProductCategoryTest" name="ParentProductCategoryPageTest" time="34.170"/>
  <system-out>
    <![CDATA[verifyMyerpagancycode
verifyMyerpUserid
 verifyMyerpPassword
 verifyMyerplogin
verifyMyerpMasterModule
verifyMyerpGenralMasterModule
verifyMyerp parentproductcategory
verifyMyerppcategoryname
verifyMyerppactivebtn
verifyMyerppclearbtn
verifyMyerppcategoryname
verifyMyerppactivebtn
verifyMyerppsubmitbtn
verifyMyerppsubmitokbtn
 verifyMyerp pcsearchbar
verifyMyerppeditbtn
verifyMyerpyesupdateitbtn
verifyMyerppcategoryname
verifyMyerppupdatebtn
verifyMyerppupdatedok
 verifyMyerp pcsearchbar
verifyMyerppexportbtn]]>
  </system-out>
</testsuite> <!-- com.lpg.qaTestcases.ParentProductCategoryTest -->
