<?xml version="1.0" encoding="UTF-8"?>
<!-- Generated by org.testng.reporters.JUnitReportReporter -->
<testsuite hostname="DESKTOP-BFPKR04" failures="0" tests="1" name="com.lpg.qaTestcases.DesignationTest" time="20.019" errors="0" timestamp="2023-01-06T12:24:45 IST" skipped="0">
  <testcase classname="com.lpg.qaTestcases.DesignationTest" name="DesignationPageTest" time="20.019"/>
  <system-out>
    <![CDATA[verifyMyerpagancycode
verifyMyerpUserid
 verifyMyerpPassword
 verifyMyerplogin
verifyMyerpMasterModule
verifyMyerpGenralMasterModule
verifyMyerpdesignation
verifyMyerpDesignationName
verifyMyerpShortname
verifyMyerpdesignationactivecheckbox
verifyMyerpClearbtn
verifyMyerpDesignationName
verifyMyerpShortname
verifyMyerpdesignationactivecheckbox
verifyMyerpdesignationsubmitbtn
verifyMyerpalreadyexistalertokbtn
verifyMyerpdesignationeditbtn
verifyMyerpdesignationyesupdateitbtn
verifyMyerpShortname
verifyMyerpdesignationupdatebtn
verifyMyerpdesignationupdatedmsgok
verifyMyerpsearchsubmitdesignation
verifyMyerpdesignationexportbtn
verifyMyerpsearchsubmitdesignation]]>
  </system-out>
</testsuite> <!-- com.lpg.qaTestcases.DesignationTest -->
