<?xml version="1.0" encoding="UTF-8"?>
<!-- Generated by org.testng.reporters.JUnitReportReporter -->
<testsuite hostname="DESKTOP-BFPKR04" failures="0" tests="1" name="com.lpg.qaTestcases.ProductTest" time="47.951" errors="0" timestamp="2023-01-07T14:48:39 IST" skipped="0">
  <testcase classname="com.lpg.qaTestcases.ProductTest" name="ProductPageTest" time="47.951"/>
  <system-out>
    <![CDATA[verifyMyerpagancycode
verifyMyerpUserid
 verifyMyerpPassword
 verifyMyerplogin
verifyMyerpMasterModule
verifyMyerpGenralMasterModule
verifyMyerpproductform 
verifyMyerpproductname 
verifyMyerpproductname 
verifyMyerpproductname 
verifyMyerpprodisgst 
verifyMyerpprodtaxdetails 
verifyMyerphsncode 
verifyMyerppname 
verifyMyerphsncode 
verifyMyerpptaxsavebtn 
verifyMyerppactivechk 
verifyMyerppsubmitbtn 
verifyMyerppsubmitbtnok 
 verifyMyerp psearchbar
verifyMyerpproductname 
verifyMyerpproductname 
verifyMyerpproductname 
verifyMyerpprodisgst 
verifyMyerpprodtaxdetails 
verifyMyerphsncode 
verifyMyerppname 
verifyMyerphsncode 
verifyMyerpptaxsavebtn 
verifyMyerppactivechk 
verifyMyerppclearbtn 
verifyMyerppeditbtn 
verifyMyerpyesupdateitbtn 
verifyMyerpproductname 
verifyMyerpproductname 
verifyMyerpupdatebtn 
verifyMyerppupdatedok 
 verifyMyerp psearchbar
verifyMyerpexportbtn ]]>
  </system-out>
</testsuite> <!-- com.lpg.qaTestcases.ProductTest -->
