<?xml version="1.0" encoding="UTF-8"?>
<!-- Generated by org.testng.reporters.JUnitReportReporter -->
<testsuite hostname="DESKTOP-BFPKR04" failures="0" tests="1" name="com.lpg.qaTestcases.ConsumerMasterTest" time="26.492" errors="0" timestamp="2023-01-11T12:55:53 IST" skipped="0">
  <testcase classname="com.lpg.qaTestcases.ConsumerMasterTest" name="ConsumerMastertest" time="26.492"/>
  <system-out>
    <![CDATA[verifyMyerpagancycode
verifyMyerpUserid
verifyMyerppassword
verifyMyerplogin
verifyMyerpmastermodule
verifyMyerpgeneralmaster
verifyMyerppagena
verifyMyerppagena
verifyMyerpconsumermaster
verifyMyerpconsumername
verifyMyerpconsumerno
verifyMyerpaddress
verifyMyerpcontact
verifyMyerpsvno
verifyMyerpdatepicker
verifyMyerpnoofcyl
verifyMyerpblubookno
verifyMyerpinspectiondate
verifyMyerpclearbtn
verifyMyerpconsumername
verifyMyerpconsumerno
verifyMyerpaddress
verifyMyerpcontact
verifyMyerpsvno
verifyMyerpnoofcyl
verifyMyerpblubookno
verifyMyerpsubmitbtn]]>
  </system-out>
</testsuite> <!-- com.lpg.qaTestcases.ConsumerMasterTest -->
