<?xml version="1.0" encoding="UTF-8"?>
<!-- Generated by org.testng.reporters.JUnitReportReporter -->
<testsuite hostname="DESKTOP-BFPKR04" failures="0" tests="1" name="com.lpg.qaTestcases.ConsumerTypeTest" time="36.068" errors="0" timestamp="2023-01-11T15:09:22 IST" skipped="0">
  <testcase classname="com.lpg.qaTestcases.ConsumerTypeTest" name="ConsumerTypetest" time="36.068"/>
  <system-out>
    <![CDATA[verifyMyerpagancycode
verifyMyerpUserid
verifyMyerppassword
verifyMyerplogin
verifyMyerpmastermodule
verifyMyerpgeneralmaster
verifyMyerppagena
verifyMyerppagena
verifyMyerpconsumertype
verifyMyerpconsutyname
verifyMyerpconsutyshorname
verifyMyerpchkactbtn
verifyMyerpclearbtn
verifyMyerpconsutyname
verifyMyerpconsutyshorname
verifyMyerpchkactbtn
verifyMyerpsubmitbtn
verifyMyerpokbtn
 verifyMyerp pcsearchbar
verifyMyerpeditbtn
verifyMyerpconfirmbtn
verifyMyerpchengename
verifyMyerpsotname
verifyMyerpupdatebtn
verifyMyerpupdateokbtn
verifyMyerpexportbtn
 verifyMyerp pcsearchbar]]>
  </system-out>
</testsuite> <!-- com.lpg.qaTestcases.ConsumerTypeTest -->
