<?xml version="1.0" encoding="UTF-8"?>
<!-- Generated by org.testng.reporters.JUnitReportReporter -->
<testsuite hostname="DESKTOP-BFPKR04" failures="0" tests="1" name="com.lpg.qa.accountsTestcases.TrialComparativeReportTest" time="14.260" errors="0" timestamp="2023-01-18T13:31:46 IST" skipped="0">
  <testcase classname="com.lpg.qa.accountsTestcases.TrialComparativeReportTest" name="TrialComparativeReportPageTest" time="14.260"/>
  <system-out>
    <![CDATA[verifyMyerpagancycode
verifyMyerpUserid
verifyMyerpPassword
verifyMyerplogin
verifyMyerpaccountreport
verifyMyerpaccountingreport
verifyMyerppagenav
verifyMyerptrailcomparative
verifyMyerpfromdate
verifyMyerptodate
 verifyMyerpgetdatabtn]]>
  </system-out>
</testsuite> <!-- com.lpg.qa.accountsTestcases.TrialComparativeReportTest -->
