<?xml version="1.0" encoding="UTF-8"?>
<!-- Generated by org.testng.reporters.JUnitReportReporter -->
<testsuite hostname="DESKTOP-BFPKR04" failures="0" tests="1" name="com.lpg.qa.accountsTestcases.PaymentRegisterNoWiseReportTest" time="15.098" errors="0" timestamp="2023-01-19T10:09:58 IST" skipped="0">
  <testcase classname="com.lpg.qa.accountsTestcases.PaymentRegisterNoWiseReportTest" name="PaymentRegisterNoWisePageTest" time="15.098"/>
  <system-out>
    <![CDATA[verifyMyerpagancycode
verifyMyerpUserid
verifyMyerpPassword
verifyMyerplogin
verifyMyerpaccountreport
verifyMyerpaccountingreport
verifyMyerpPaymentRegisterNoWiseReport
verifyMyerpfromdocno
verifyMyerptodocno
 verifyMyerpgetdatabtn]]>
  </system-out>
</testsuite> <!-- com.lpg.qa.accountsTestcases.PaymentRegisterNoWiseReportTest -->
