<?xml version="1.0" encoding="UTF-8"?>
<!-- Generated by org.testng.reporters.JUnitReportReporter -->
<testsuite hostname="DESKTOP-BFPKR04" failures="0" tests="1" name="com.lpg.qaTestcases.CommercialDiscountPackageTest" time="26.984" errors="0" timestamp="2023-01-09T10:07:18 IST" skipped="0">
  <testcase classname="com.lpg.qaTestcases.CommercialDiscountPackageTest" name="CommercialDiscountPackagPageTest" time="26.984"/>
  <system-out>
    <![CDATA[verifyMyerpagancycode
verifyMyerpUserid
 verifyMyerpPassword
 verifyMyerplogin
verifyMyerpMasterModule
verifyMyerpGenralMasterModule
 verifyMyerpcdppagenav1
 verifyMyerpcdppagenav1
 verifyMyerpcdpform
 verifyMyerpcdpname
 verifyMyerpcdpdesc
 verifyMyerp cdpamount
 verifyMyerpcdpclearbtn
 verifyMyerpcdpname
 verifyMyerpcdpdesc
 verifyMyerp cdpamount
 verifyMyerpcdpsubmitbtn
 verifyMyerpcdpsubmitokbtn
 verifyMyerp pcsearchbar
 verifyMyerpcdpebtnedit
 verifyMyerpcdpbtnyesupdateit
 verifyMyerpcdpname
 verifyMyerpcdpdesc
 verifyMyerpcdpupdatebtn
 verifyMyerpcdpupdateokbtn
 verifyMyerpcdpbtnexport
 verifyMyerp pcsearchbar]]>
  </system-out>
</testsuite> <!-- com.lpg.qaTestcases.CommercialDiscountPackageTest -->
