<?xml version="1.0" encoding="UTF-8"?>
<!-- Generated by org.testng.reporters.JUnitReportReporter -->
<testsuite hostname="DESKTOP-BFPKR04" failures="0" tests="1" name="com.lpg.qa.CommercialcylsaleTestCases.CommercialSaleInvoiceDetailsReportTest" time="12.761" errors="0" timestamp="2023-01-16T16:17:07 IST" skipped="0">
  <testcase classname="com.lpg.qa.CommercialcylsaleTestCases.CommercialSaleInvoiceDetailsReportTest" name="CommercialSaleInvoiceDetailsReportPagetest" time="12.761"/>
  <system-out>
    <![CDATA[verifyMyerpagancycode
verifyMyerpUserid
 verifyMyerpPassword
verifyMyerplogin
verifyMyerpgenralreport
verifyMyerpcommercialsaleinvoicedetailreport
verifyMyerpentervoucherno
verifyMyerpgetdatabtn]]>
  </system-out>
</testsuite> <!-- com.lpg.qa.CommercialcylsaleTestCases.CommercialSaleInvoiceDetailsReportTest -->
