<?xml version="1.0" encoding="UTF-8"?>
<!-- Generated by org.testng.reporters.JUnitReportReporter -->
<testsuite hostname="DESKTOP-BFPKR04" failures="0" tests="1" name="com.lpg.qa.PurchaseTestCases.PurchaseRegisterTest" time="18.149" errors="0" timestamp="2023-01-13T12:12:39 IST" skipped="0">
  <testcase classname="com.lpg.qa.PurchaseTestCases.PurchaseRegisterTest" name="PurchaseRegisterPageTest" time="18.149"/>
  <system-out>
    <![CDATA[verifyMyerpagancycode
verifyMyerpUserid
 verifyMyerpPassword
 verifyMyerplogin
 verifyMyerpgerneralreport
 verifyMyerppurchaseregister
 verifyMyerpselectdate
 verifyMyerpgetdatabtn]]>
  </system-out>
</testsuite> <!-- com.lpg.qa.PurchaseTestCases.PurchaseRegisterTest -->
