<?xml version="1.0" encoding="UTF-8"?>
<!-- Generated by org.testng.reporters.JUnitReportReporter -->
<testsuite hostname="DESKTOP-BFPKR04" failures="0" tests="1" name="com.lpg.qa.accountsTestcases.BankReconcilationReportTest" time="14.851" errors="0" timestamp="2023-01-18T13:01:50 IST" skipped="0">
  <testcase classname="com.lpg.qa.accountsTestcases.BankReconcilationReportTest" name="BankReconcilationReportPageTest" time="14.851"/>
  <system-out>
    <![CDATA[verifyMyerpagancycode
verifyMyerpUserid
verifyMyerpPassword
verifyMyerplogin
verifyMyerpaccountreport
verifyMyerpaccountingreport
verifyMyerppagenav
verifyMyerpbankreconsilationregister
verifyMyerpfromdate
verifyMyerptodate
 verifyMyerpgetdatabtn]]>
  </system-out>
</testsuite> <!-- com.lpg.qa.accountsTestcases.BankReconcilationReportTest -->
