<?xml version="1.0" encoding="UTF-8"?>
<!-- Generated by org.testng.reporters.JUnitReportReporter -->
<testsuite hostname="DESKTOP-BFPKR04" failures="0" tests="1" name="com.lpg.qaTestcases.AreaMastertest" time="34.768" errors="0" timestamp="2023-01-11T11:26:10 IST" skipped="0">
  <testcase classname="com.lpg.qaTestcases.AreaMastertest" name="AreaMasterTest" time="34.768"/>
  <system-out>
    <![CDATA[verifyMyerpagancycode
verifyMyerpUserid
verifyMyerppassword
verifyMyerplogin
verifyMyerpmastermodule
verifyMyerpgeneralmaster
verifyMyerppagena
verifyMyerpareamaster
verifyMyerpareaname
verifyMyerpdescription
verifyMyerpcheckbox
verifyMyerpclearbtn
verifyMyerpareaname
verifyMyerpdescription
verifyMyerpcheckbox
verifyMyerpsubmitbtn
verifyMyerpsubmitokbtn
verifyMyerpsearchbar
verifyMyerpeditbtn
verifyMyerpeditokbtn
verifyMyerpareaname
verifyMyerpdescription
verifyMyerpupdatebtn
verifyMyerpupdateokbtn
verifyMyerpexportbtn
 verifyMyerp pcsearchbar]]>
  </system-out>
</testsuite> <!-- com.lpg.qaTestcases.AreaMastertest -->
