<?xml version="1.0" encoding="UTF-8"?>
<!-- Generated by org.testng.reporters.JUnitReportReporter -->
<testsuite hostname="DESKTOP-BFPKR04" failures="0" tests="1" name="com.lpg.qaTestcases.ProductCategoryTest" time="53.817" errors="0" timestamp="2023-01-07T22:20:02 IST" skipped="0">
  <testcase classname="com.lpg.qaTestcases.ProductCategoryTest" name="ProductCategoryPageTest" time="53.817"/>
  <system-out>
    <![CDATA[verifyMyerpagancycode
verifyMyerpUserid
 verifyMyerpPassword
 verifyMyerplogin
verifyMyerpMasterModule
verifyMyerpGenralMasterModule
verifyMyerpproductcategoryform
verifyMyerpproductcatname
verifyMyerpproductdesc
verifyMyerpproductcatcode
verifyMyerpproductactive
verifyMyerppclearbtn
verifyMyerpproductcatname
verifyMyerpproductdesc
verifyMyerpproductcatcode
verifyMyerpproductactive
verifyMyerppsubmitbtn
verifyMyerppsubmitbtnok
 verifyMyerp pcsearchbar
verifyMyerp peditbtn
verifyMyerp pyesupdateitbtn
verifyMyerpproductcatcode
verifyMyerpproductdesc
verifyMyerp pupdatebtn
verifyMyerp pupdateokbtn
verifyMyerp pexportbtn
 verifyMyerp pcsearchbar]]>
  </system-out>
</testsuite> <!-- com.lpg.qaTestcases.ProductCategoryTest -->
