<?xml version="1.0" encoding="UTF-8"?>
<!-- Generated by org.testng.reporters.JUnitReportReporter -->
<testsuite hostname="DESKTOP-BFPKR04" failures="0" tests="1" name="com.lpg.qa.accTestcases.PaymentModeTest" time="21.023" errors="0" timestamp="2023-01-09T22:37:46 IST" skipped="0">
  <testcase classname="com.lpg.qa.accTestcases.PaymentModeTest" name="PaymentModetest" time="21.023"/>
  <system-out>
    <![CDATA[verifyMyerpagancycode
verifyMyerpUserid
verifyMyerppassword
verifyMyerplogin
verifyMyerpmaster
verifyMyerpaccountmaster
verifyMyerppaymentmode
verifyMyerpmodedescription
verifyMyerpcheckativebtn
verifyMyerpclearbtn
verifyMyerpmodedescription
verifyMyerpcheckativebtn
verifyMyerpsubmitbtn
verifyMyerpokbtn
 verifyMyerp pcsearchbar
verifyMyerpeditbtn
verifyMyerpconfirmbtn
verifyMyerpmodedescription
verifyMyerpcheckativebtn
verifyMyerpupdatebtn
verifyMyerpcpupdateokbtn
verifyMyerpcpexportbtn
 verifyMyerp pcsearchbar]]>
  </system-out>
</testsuite> <!-- com.lpg.qa.accTestcases.PaymentModeTest -->
