<?xml version="1.0" encoding="UTF-8"?>
<!-- Generated by org.testng.reporters.JUnitReportReporter -->
<testsuite hostname="DESKTOP-BFPKR04" failures="0" tests="1" name="com.lpg.qaTestcases.Vehiclepagetest" time="28.497" errors="0" timestamp="2023-01-12T16:33:53 IST" skipped="0">
  <testcase classname="com.lpg.qaTestcases.Vehiclepagetest" name="VehicleTest" time="28.497"/>
  <system-out>
    <![CDATA[verifyMyerpagancycode
verifyMyerpUserid
verifyMyerppassword
verifyMyerplogin
verifyMyerpmastermodule
verifyMyerpgeneralmaster
verifyMyerppagena
verifyMyerpvehicle
veryfyMyerpvehicleno
vedryfyMyerpcheckbox
verifyMyerpclearbtn
veryfyMyerpvehicleno
vedryfyMyerpcheckbox
vedryfyMyerpsubmitbtn
verifyMyerpokbtn
 verifyMyerp pcsearchbar
verifyMyerpeditbtn
verifyMyerpconfirmbtn
veryfyMyerpvehicleno
verifyMyerpupdatebtn
verifyMyerpupdateokbtn
verifyMyerpexportbtn
 verifyMyerp pcsearchbar]]>
  </system-out>
</testsuite> <!-- com.lpg.qaTestcases.Vehiclepagetest -->
