<?xml version="1.0" encoding="UTF-8"?>
<!-- Generated by org.testng.reporters.JUnitReportReporter -->
<testsuite hostname="DESKTOP-BFPKR04" failures="0" tests="1" name="com.lpg.qaTestcases.EmployeeTest" time="49.248" errors="0" timestamp="2023-01-09T10:41:19 IST" skipped="0">
  <testcase classname="com.lpg.qaTestcases.EmployeeTest" name="EmployeePageTest" time="49.248"/>
  <system-out>
    <![CDATA[verifyMyerpagancycode
verifyMyerpUserid
 verifyMyerpPassword
 verifyMyerplogin
verifyMyerpMasterModule
verifyMyerpGenralMasterModule
verifyMyerp employeeform
verifyMyerp  ebtnedit
verifyMyerp ebtnyesupdateit
verifyMyerp employeefname
verifyMyerp elname
verifyMyerp eupdatebtn
verifyMyerp eupdateokbtn
 verifyMyerp pcsearchbar
verifyMyerp ebtnexport]]>
  </system-out>
</testsuite> <!-- com.lpg.qaTestcases.EmployeeTest -->
