<?xml version="1.0" encoding="UTF-8"?>
<!-- Generated by org.testng.reporters.JUnitReportReporter -->
<testsuite hostname="DESKTOP-BFPKR04" failures="0" tests="1" name="com.lpg.qa.accountsTestcases.ARReceiptRegisterTest" time="27.141" errors="0" timestamp="2023-01-18T07:06:46 IST" skipped="0">
  <testcase classname="com.lpg.qa.accountsTestcases.ARReceiptRegisterTest" name="ARReceiptRegisterPageTest" time="27.141"/>
  <system-out>
    <![CDATA[verifyMyerpagancycode
verifyMyerpUserid
verifyMyerpPassword
verifyMyerplogin
verifyMyerpaccountreport
verifyMyerpaccountingreport
verifyMyerpreceiptregister
verifyMyerpfromdate
verifyMyerptodate
 verifyMyerpgetdatabtn]]>
  </system-out>
</testsuite> <!-- com.lpg.qa.accountsTestcases.ARReceiptRegisterTest -->
