<?xml version="1.0" encoding="UTF-8"?>
<!-- Generated by org.testng.reporters.JUnitReportReporter -->
<testsuite hostname="DESKTOP-BFPKR04" failures="0" tests="1" name="com.lpg.qaTestcases.SupplierTest" time="54.213" errors="0" timestamp="2023-01-08T00:12:26 IST" skipped="0">
  <testcase classname="com.lpg.qaTestcases.SupplierTest" name="SupplierPageTest" time="54.213"/>
  <system-out>
    <![CDATA[verifyMyerpagancycode
verifyMyerpUserid
 verifyMyerpPassword
 verifyMyerplogin
verifyMyerpMasterModule
verifyMyerpGenralMasterModule
verifyMyerpsupplier
verifyMyerpsupcompanycode
verifyMyerpsuppliername
verifyMyerpscontanctdetail
verifyMyerpsaddress1
verifyMyerpsactivechk
verifyMyerpsclearbtn
verifyMyerpsupcompanycode
verifyMyerpsuppliername
verifyMyerpscontanctdetail
verifyMyerpsaddress1
verifyMyerpsactivechk
verifyMyerpsupplierssubmitbtn
 verifyMyerp pcsearchbar
verifyMyerpsseditbtn
verifyMyerpsyesupdateitbtn
verifyMyerpsuppliername
verifyMyerpsupdatebtn
verifyMyerpsexportbtn
 verifyMyerp pcsearchbar]]>
  </system-out>
</testsuite> <!-- com.lpg.qaTestcases.SupplierTest -->
