<?xml version="1.0" encoding="UTF-8"?>
<!-- Generated by org.testng.reporters.JUnitReportReporter -->
<testsuite hostname="DESKTOP-BFPKR04" failures="0" tests="1" name="com.lpg.qa.accountsTestcases.BillGenerationTest" time="10.211" errors="0" timestamp="2023-01-24T15:52:40 IST" skipped="0">
  <testcase classname="com.lpg.qa.accountsTestcases.BillGenerationTest" name="BillGenerationtest" time="10.211"/>
  <system-out>
    <![CDATA[verifyMyerpagancycode
verifyMyerpUserid
verifyMyerppassword
verifyMyerplogin
verifyMyerpaccounts
verifyMyerpbillgeneration
verifyMyerpbillingdate
verifyMyerpinvoicenum
verifyMyerpsubmitbtn]]>
  </system-out>
</testsuite> <!-- com.lpg.qa.accountsTestcases.BillGenerationTest -->
