<?xml version="1.0" encoding="UTF-8"?>
<!-- Generated by org.testng.reporters.JUnitReportReporter -->
<testsuite hostname="DESKTOP-BFPKR04" failures="0" tests="1" name="com.lpg.qa.accountsTestcases.CreditNoteRegisterTest" time="25.187" errors="0" timestamp="2023-01-18T11:51:28 IST" skipped="0">
  <testcase classname="com.lpg.qa.accountsTestcases.CreditNoteRegisterTest" name="CreditNoteRegisterPageTest" time="25.187"/>
  <system-out>
    <![CDATA[verifyMyerpagancycode
verifyMyerpUserid
verifyMyerpPassword
verifyMyerplogin
verifyMyerpaccountreport
verifyMyerpaccountingreport
verifyMyerppagenav
verifyMyerpcreditnoteregister
verifyMyerpfromdate
verifyMyerptodate
 verifyMyerpgetdatabtn]]>
  </system-out>
</testsuite> <!-- com.lpg.qa.accountsTestcases.CreditNoteRegisterTest -->
