<?xml version="1.0" encoding="UTF-8"?>
<!-- Generated by org.testng.reporters.JUnitReportReporter -->
<testsuite hostname="DESKTOP-BFPKR04" failures="0" tests="1" name="com.lpg.qa.accountsTestcases.TrialDebtorsReportTest" time="13.303" errors="0" timestamp="2023-01-18T13:38:25 IST" skipped="0">
  <testcase classname="com.lpg.qa.accountsTestcases.TrialDebtorsReportTest" name="TrialDebtorsReportPageTest" time="13.303"/>
  <system-out>
    <![CDATA[verifyMyerpagancycode
verifyMyerpUserid
verifyMyerpPassword
verifyMyerplogin
verifyMyerpaccountreport
verifyMyerpaccountingreport
verifyMyerppagenav
verifyMyerptraildebtorsreportt
verifyMyerpfromdate
 verifyMyerpgetdatabtn]]>
  </system-out>
</testsuite> <!-- com.lpg.qa.accountsTestcases.TrialDebtorsReportTest -->
