<?xml version="1.0" encoding="UTF-8"?>
<!-- Generated by org.testng.reporters.JUnitReportReporter -->
<testsuite hostname="DESKTOP-BFPKR04" failures="0" tests="1" name="com.lpg.qaTestcases.ConnectionCategoryTest" time="24.489" errors="0" timestamp="2023-01-11T12:18:56 IST" skipped="0">
  <testcase classname="com.lpg.qaTestcases.ConnectionCategoryTest" name="ConnectionCategorytest" time="24.489"/>
  <system-out>
    <![CDATA[verifyMyerpagancycode
verifyMyerpUserid
verifyMyerppassword
verifyMyerplogin
verifyMyerpmastermodule
verifyMyerpgeneralmaster
verifyMyerppagena
verifyMyerppagena
verifyMyerpconnectioncategory
verifyMyerpcategoryname
verifyMyerpckkactivebtn
verifyMyerpclearbtn
verifyMyerpcategoryname1
verifyMyerpckkactivebtn
verifyMyerpsubmitbtn
verifyMyerpokbtn
 verifyMyerp pcsearchbar
verifyMyerpeditbtn
verifyMyerpconfirmbtn
verifyMyerpupdatecategory
verifyMyerpupdatebtn
verifyMyerpupdateokbtn
verifyMyerpexportbtn
 verifyMyerp pcsearchbar]]>
  </system-out>
</testsuite> <!-- com.lpg.qaTestcases.ConnectionCategoryTest -->
