<?xml version="1.0" encoding="UTF-8"?>
<!-- Generated by org.testng.reporters.JUnitReportReporter -->
<testsuite hostname="DESKTOP-BFPKR04" failures="0" tests="1" name="com.lpg.qa.accountsTestcases.TrialBalanceStraightReportTest" time="15.273" errors="0" timestamp="2023-01-18T13:23:48 IST" skipped="0">
  <testcase classname="com.lpg.qa.accountsTestcases.TrialBalanceStraightReportTest" name="TrialBalanceStraightReportPageTest" time="15.273"/>
  <system-out>
    <![CDATA[verifyMyerpagancycode
verifyMyerpUserid
verifyMyerpPassword
verifyMyerplogin
verifyMyerpaccountreport
verifyMyerpaccountingreport
verifyMyerppagenav
verifyMyerptrailbalancestraight
verifyMyerpfromdate
 verifyMyerpgetdatabtn]]>
  </system-out>
</testsuite> <!-- com.lpg.qa.accountsTestcases.TrialBalanceStraightReportTest -->
