<?xml version="1.0" encoding="UTF-8"?>
<!-- Generated by org.testng.reporters.JUnitReportReporter -->
<testsuite hostname="DESKTOP-BFPKR04" failures="0" tests="1" name="com.lpg.qa.accountsTestcases.PaymentRegisterTest" time="23.736" errors="0" timestamp="2023-01-19T10:11:32 IST" skipped="0">
  <testcase classname="com.lpg.qa.accountsTestcases.PaymentRegisterTest" name="PaymentRegisterPageTest" time="23.736"/>
  <system-out>
    <![CDATA[verifyMyerpagancycode
verifyMyerpUserid
verifyMyerpPassword
verifyMyerplogin
verifyMyerpaccountreport
verifyMyerpaccountingreport
verifyMyerppaymentregister
verifyMyerpfromdate
verifyMyerptodate
 verifyMyerpgetdatabtn]]>
  </system-out>
</testsuite> <!-- com.lpg.qa.accountsTestcases.PaymentRegisterTest -->
