<?xml version="1.0" encoding="UTF-8"?>
<!-- Generated by org.testng.reporters.JUnitReportReporter -->
<testsuite hostname="DESKTOP-BFPKR04" failures="0" tests="1" name="com.lpg.qaTestcases.TerritoryTest" time="20.297" errors="0" timestamp="2023-01-07T11:41:45 IST" skipped="0">
  <testcase classname="com.lpg.qaTestcases.TerritoryTest" name="TerritoryPageTest" time="20.297"/>
  <system-out>
    <![CDATA[verifyMyerpagancycode
verifyMyerpUserid
 verifyMyerpPassword
 verifyMyerplogin
verifyMyerpMasterModule
verifyMyerpGenralMasterModule
verifyMyerpterritory
verifyMyerpterritoryname
verifyMyerpterritorydescription
 verifyMyerpactive checkbox
 verifyMyerp clear btn
verifyMyerpterritoryname
verifyMyerpterritorydescription
 verifyMyerpactive checkbox
 verifyMyerp submit btn
 verifyMyerp  tsubmit ok btn
 verifyMyerp tserachbar
 verifyMyerp Teditbtn
 verifyMyerp  tyesupdateit btn
verifyMyerpterritorydescription
 verifyMyerp tupdate btn
 verifyMyerp tupdate ok btn
 verifyMyerp texport btn
 verifyMyerp tserachbar]]>
  </system-out>
</testsuite> <!-- com.lpg.qaTestcases.TerritoryTest -->
