<?xml version="1.0" encoding="UTF-8"?>
<!-- Generated by org.testng.reporters.JUnitReportReporter -->
<testsuite hostname="DESKTOP-BFPKR04" failures="0" tests="1" name="com.lpg.qa.gtTestCases.DeliverTimeStatementTest" time="16.772" errors="0" timestamp="2023-01-05T19:30:49 IST" skipped="0">
  <testcase classname="com.lpg.qa.gtTestCases.DeliverTimeStatementTest" name="DeliverTimeStatementPageTest" time="16.772"/>
  <system-out>
    <![CDATA[verifyMyerpagancycode
verifyMyerpUserid
 verifyMyerpPassword
 verifyMyerplogin
 verifyMyerpgerneralreport
 verifyMyerpgodowntimestatementreport
 verifyMyerpselectdate
 verifyMyerpgetdatabtn]]>
  </system-out>
</testsuite> <!-- com.lpg.qa.gtTestCases.DeliverTimeStatementTest -->
