<?xml version="1.0" encoding="UTF-8"?>
<!-- Generated by org.testng.reporters.JUnitReportReporter -->
<testsuite hostname="DESKTOP-BFPKR04" failures="0" tests="1" name="com.lpg.deliveycashcollectionTestcase.DomesticCashCollectionReportTest" time="23.851" errors="0" timestamp="2023-01-05T17:20:52 IST" skipped="0">
  <testcase classname="com.lpg.deliveycashcollectionTestcase.DomesticCashCollectionReportTest" name="DomesticCashCollectionReportPageTest" time="23.851"/>
  <system-out>
    <![CDATA[verifyMyerpagancycode
verifyMyerpUserid
 verifyMyerpPassword
 verifyMyerplogin
 verifyMyerpgerneralreport
 verifyMyerpdomesticdeliveryreport
 verifyMyerpselectdate
 verifyMyerpgetdatabtn]]>
  </system-out>
</testsuite> <!-- com.lpg.deliveycashcollectionTestcase.DomesticCashCollectionReportTest -->
