<?xml version="1.0" encoding="UTF-8"?>
<!-- Generated by org.testng.reporters.JUnitReportReporter -->
<testsuite hostname="DESKTOP-BFPKR04" failures="0" tests="1" name="com.lpg.qaTestcases.TVResiontest" time="39.437" errors="0" timestamp="2023-01-11T17:47:59 IST" skipped="0">
  <testcase classname="com.lpg.qaTestcases.TVResiontest" name="TVResionTest" time="39.437"/>
  <system-out>
    <![CDATA[verifyMyerpagancycode
verifyMyerpUserid
verifyMyerppassword
verifyMyerplogin
verifyMyerpmastermodule
verifyMyerpgeneralmaster
verifyMyerppagena
verifyMyerppagena
verifyMyerptvreason
verifyMyerptvreasionname
verifyMyerpchkactivebtn
verifyMyerpclearbtn
verifyMyerptvreasionname
verifyMyerpchkactivebtn
verifyMyerpsubmitbtn
verifyMyerpokbtn
 verifyMyerp pcsearchbar
verifyMyerpeditbtn
verifyMyerpconfirmbtn
verifyMyerptxttvresionname
verifyMyerpchkactivebtn1
verifyMyerpupdatebtn
verifyMyerpupdateokbtn
verifyMyerpexportbtn
 verifyMyerp pcsearchbar]]>
  </system-out>
</testsuite> <!-- com.lpg.qaTestcases.TVResiontest -->
