<?xml version="1.0" encoding="UTF-8"?>
<!-- Generated by org.testng.reporters.JUnitReportReporter -->
<testsuite hostname="DESKTOP-BFPKR04" failures="0" tests="1" name="com.lpg.qaTestcases.ConsumerDoctypeTest" time="27.484" errors="0" timestamp="2023-01-11T12:38:26 IST" skipped="0">
  <testcase classname="com.lpg.qaTestcases.ConsumerDoctypeTest" name="ConsumerDoctypetest" time="27.484"/>
  <system-out>
    <![CDATA[verifyMyerpagancycode
verifyMyerpUserid
verifyMyerppassword
verifyMyerplogin
verifyMyerpmastermodule
verifyMyerpgeneralmaster
verifyMyerppagena
verifyMyerppagena
verifyMyerpconsumerdoclogin
verifyMyerpdoctypename
verifyMyerpcheckactbtn
verifyMyerpclearbtn
verifyMyerpdoctypename
verifyMyerpcheckactbtn1
verifyMyerpsubmitbtn
verifyMyerpokbtnclick
 verifyMyerp pcsearchbar
verifyMyerpeditbtn
verifyMyerpconfirmbtnclick
verifyMyerpchengename
verifyMyerpclickckecbox
verifyMyerpupdatebtn
verifyMyerpupdateokbtn
verifyMyerpexportbtn
 verifyMyerp pcsearchbar]]>
  </system-out>
</testsuite> <!-- com.lpg.qaTestcases.ConsumerDoctypeTest -->
