<?xml version="1.0" encoding="UTF-8"?>
<!-- Generated by org.testng.reporters.JUnitReportReporter -->
<testsuite hostname="DESKTOP-BFPKR04" failures="0" tests="1" name="com.lpg.qa.gtTestCases.DomesticDeliveyReportTest" time="29.949" errors="0" timestamp="2023-01-05T17:42:33 IST" skipped="0">
  <testcase classname="com.lpg.qa.gtTestCases.DomesticDeliveyReportTest" name="DomesticDeliveyReportPageTest" time="29.949"/>
  <system-out>
    <![CDATA[verifyMyerpagancycode
verifyMyerpUserid
 verifyMyerpPassword
 verifyMyerplogin
 verifyMyerpgerneralreport
 verifyMyerpdomesticdeliveryreport
 verifyMyerpselectdate
 verifyMyerpgetdatabtn]]>
  </system-out>
</testsuite> <!-- com.lpg.qa.gtTestCases.DomesticDeliveyReportTest -->
