<?xml version="1.0" encoding="UTF-8"?>
<!-- Generated by org.testng.reporters.JUnitReportReporter -->
<testsuite hostname="DESKTOP-BFPKR04" failures="0" tests="1" name="com.lpg.qa.tvmoduletestcases.TVOutInvoiceDetailsReportTest" time="19.372" errors="0" timestamp="2023-01-05T15:47:53 IST" skipped="0">
  <testcase classname="com.lpg.qa.tvmoduletestcases.TVOutInvoiceDetailsReportTest" name="TVOutInvoiceDetailsReporttPageTest" time="19.372"/>
  <system-out>
    <![CDATA[verifyMyerpagancycode
verifyMyerpUserid
 verifyMyerpPassword
verifyMyerplogin
verifyMyerpgenralreport
verifyMyerptvoutinvoicedeatailsreport
verifyMyerpgmtvoinvoicedocnum
verifyMyerptvoinvoiceoreportgetdatabtn]]>
  </system-out>
</testsuite> <!-- com.lpg.qa.tvmoduletestcases.TVOutInvoiceDetailsReportTest -->
