<?xml version="1.0" encoding="UTF-8"?>
<!-- Generated by org.testng.reporters.JUnitReportReporter -->
<testsuite hostname="DESKTOP-BFPKR04" failures="0" tests="1" name="com.lpg.qa.CommercialcylsaleTestCases.CommercialSalePendingCylTest" time="15.560" errors="0" timestamp="2023-01-16T14:38:50 IST" skipped="0">
  <testcase classname="com.lpg.qa.CommercialcylsaleTestCases.CommercialSalePendingCylTest" name="CommercialSalePendingCylPagetest" time="15.560"/>
  <system-out>
    <![CDATA[verifyMyerpagancycode
verifyMyerpUserid
 verifyMyerpPassword
verifyMyerplogin
verifyMyerpgenralreport
verifyMyerpcommercialsalependingreg
verifyMyerpfromdate
verifyMyerpgetdatabtn]]>
  </system-out>
</testsuite> <!-- com.lpg.qa.CommercialcylsaleTestCases.CommercialSalePendingCylTest -->
