<?xml version="1.0" encoding="UTF-8"?>
<!-- Generated by org.testng.reporters.JUnitReportReporter -->
<testsuite hostname="DESKTOP-BFPKR04" failures="0" tests="1" name="com.lpg.qa.gtTestCases.OnFieldCylDetailsReportTest" time="56.985" errors="0" timestamp="2023-01-17T14:09:10 IST" skipped="0">
  <testcase classname="com.lpg.qa.gtTestCases.OnFieldCylDetailsReportTest" name="OnFieldCylDetailsReportPageTest" time="56.985"/>
  <system-out>
    <![CDATA[verifyMyerpagancycode
verifyMyerpUserid
verifyMyerpPassword
verifyMyerplogin
verifyMyerpgerneralreport
verifyMyerponfieldcyldetailreport
verifyMyerpfromdate
verifyMyerptodate
 verifyMyerpgetdatabtn]]>
  </system-out>
</testsuite> <!-- com.lpg.qa.gtTestCases.OnFieldCylDetailsReportTest -->
