<?xml version="1.0" encoding="UTF-8"?>
<!-- Generated by org.testng.reporters.JUnitReportReporter -->
<testsuite hostname="DESKTOP-BFPKR04" failures="0" tests="1" name="com.lpg.qa.accountsTestcases.DebitNoteRegisterVoucherNoWiseTest" time="16.220" errors="0" timestamp="2023-01-18T11:24:50 IST" skipped="0">
  <testcase classname="com.lpg.qa.accountsTestcases.DebitNoteRegisterVoucherNoWiseTest" name="DebitNoteRegisterVoucherNoWisePageTest" time="16.220"/>
  <system-out>
    <![CDATA[verifyMyerpagancycode
verifyMyerpUserid
verifyMyerpPassword
verifyMyerplogin
verifyMyerpaccountreport
verifyMyerpaccountingreport
verifyMyerpdebitnotenowisereport
verifyMyerpfromdocno
verifyMyerptodocno
 verifyMyerpgetdatabtn]]>
  </system-out>
</testsuite> <!-- com.lpg.qa.accountsTestcases.DebitNoteRegisterVoucherNoWiseTest -->
