<?xml version="1.0" encoding="UTF-8"?>
<!-- Generated by org.testng.reporters.JUnitReportReporter -->
<testsuite hostname="DESKTOP-BFPKR04" failures="0" tests="1" name="com.lpg.qa.accountsTestcases.JVRegisterVoucherNoWiseTest" time="41.743" errors="0" timestamp="2023-01-23T14:46:12 IST" skipped="0">
  <testcase classname="com.lpg.qa.accountsTestcases.JVRegisterVoucherNoWiseTest" name="JVRegisterVoucherNoWisePageTest" time="41.743"/>
  <system-out>
    <![CDATA[verifyMyerpagancycode
verifyMyerpUserid
verifyMyerpPassword
verifyMyerplogin
verifyMyerpaccountreport
verifyMyerpaccountingreport
verifyMyerpjvnowisereport
verifyMyerpfromdocno
verifyMyerptodocno
 verifyMyerpgetdatabtn]]>
  </system-out>
</testsuite> <!-- com.lpg.qa.accountsTestcases.JVRegisterVoucherNoWiseTest -->
