<?xml version="1.0" encoding="UTF-8"?>
<!-- Generated by org.testng.reporters.JUnitReportReporter -->
<testsuite hostname="DESKTOP-BFPKR04" failures="0" tests="1" name="com.lpg.qa.accTestcases.ServicesTest" time="25.377" errors="0" timestamp="2023-01-09T23:23:45 IST" skipped="0">
  <testcase classname="com.lpg.qa.accTestcases.ServicesTest" name="Servicestest" time="25.377"/>
  <system-out>
    <![CDATA[verifyMyerpagancycode
verifyMyerpUserid
verifyMyerppassword
verifyMyerplogin
verifyMyerpmaster
verifyMyerpaccountmaster
verifyMyerppagenavigataion
verifyMyerpservices
verifyMyerpdescription
verifyMyerptitle
verifyMyerpaliasname
verifyMyerpservicescost
verifyMyerpv
verifyMyerpactivebtn
verifyMyerpisgst
verifyMyerpfillgstdetail
verifyMyerpcgst
verifyMyerpsgst
verifyMyerpsavebtn
verifyMyerpclearbtn
verifyMyerpdescription
verifyMyerptitle
verifyMyerpaliasname
verifyMyerpservicescost
verifyMyerpv
verifyMyerpactivebtn
verifyMyerpsubmitbtn
verifyMyerpokbtn
 verifyMyerp pcsearchbar
verifyMyerpeditbtn
verifyMyerpconfirmbtn
verifyMyerptitle
verifyMyerpservicescost
verifyMyerpupdatebtn
verifyMyerpcpexportbtn
verifyMyerpservicescost]]>
  </system-out>
</testsuite> <!-- com.lpg.qa.accTestcases.ServicesTest -->
