<?xml version="1.0" encoding="UTF-8"?>
<!-- Generated by org.testng.reporters.JUnitReportReporter -->
<testsuite hostname="DESKTOP-BFPKR04" failures="0" tests="1" name="com.lpg.qa.accTestcases.NewLedgersTest" time="61.104" errors="0" timestamp="2023-01-09T11:37:08 IST" skipped="0">
  <testcase classname="com.lpg.qa.accTestcases.NewLedgersTest" name="NewLegersPageTest" time="61.104"/>
  <system-out>
    <![CDATA[verifyMyerpagancycode
verifyMyerpUserid
 verifyMyerpPassword
 verifyMyerplogin
verifyMyerpMasterModule
verifyMyerpaccountmaster
verifyMyerpnewledgresform
verifyMyerpnlclickhrebtn
verifyMyerpMasterModule
verifyMyerpaccountmaster
verifyMyerpnewledgresform
verifyMyerpnlctdsxfiletext
verifyMyerpnlchoosefile
verifyMyerpnluploadbtn
verifyMyerpnlnameofledger
verifyMyerpnlaliasname
verifyMyerpnlclearbtn
verifyMyerpnlnameofledger
verifyMyerpnlaliasname
verifyMyerpnlsavebtn
verifyMyerpnlgetlist
verifyMyerpnleditbtn
verifyMyerpnlyesupdatebtn
verifyMyerpnlnameofledger
verifyMyerpnlupdatebtn
 verifyMyerp pcsearchbar
verifyMyerpnlexportbtn]]>
  </system-out>
</testsuite> <!-- com.lpg.qa.accTestcases.NewLedgersTest -->
