<?xml version="1.0" encoding="UTF-8"?>
<!-- Generated by org.testng.reporters.JUnitReportReporter -->
<testsuite hostname="DESKTOP-BFPKR04" failures="0" tests="1" name="com.lpg.qaTestcases.ProductRateSlabTest" time="64.793" errors="0" timestamp="2023-01-07T22:46:32 IST" skipped="0">
  <testcase classname="com.lpg.qaTestcases.ProductRateSlabTest" name="LoginPageTest" time="64.793"/>
  <system-out>
    <![CDATA[verifyMyerpagancycode
verifyMyerpUserid
 verifyMyerpPassword
 verifyMyerplogin
verifyMyerpMasterModule
verifyMyerpGenralMasterModule
verifyMyerpproductrateslab
verifyMyerppurchaserate
verifyMyerppurchasemrp
verifyMyerproductdeposit
verifyMyerppactivechk
verifyMyerppactivechk
verifyMyerppurchaserate
verifyMyerppurchasemrp
verifyMyerproductdeposit
verifyMyerproductdate
verifyMyerppactivechk
verifyMyerppsubmitbtn
 verifyMyerp pcsearchbar
verifyMyerppeditbtn
verifyMyerppyesupdateitbtn
verifyMyerppurchaserate
verifyMyerppurchasemrp
verifyMyerpppupdatebtn
 verifyMyerp pcsearchbar
verifyMyerppexportbtn]]>
  </system-out>
</testsuite> <!-- com.lpg.qaTestcases.ProductRateSlabTest -->
