<?xml version="1.0" encoding="UTF-8"?>
<!-- Generated by org.testng.reporters.JUnitReportReporter -->
<testsuite hostname="DESKTOP-BFPKR04" failures="0" tests="1" name="com.lpg.qa.accountsTestcases.TrailBalanceTest" time="16.554" errors="0" timestamp="2023-01-18T13:13:07 IST" skipped="0">
  <testcase classname="com.lpg.qa.accountsTestcases.TrailBalanceTest" name="TrailBalancePageTest" time="16.554"/>
  <system-out>
    <![CDATA[verifyMyerpagancycode
verifyMyerpUserid
verifyMyerpPassword
verifyMyerplogin
verifyMyerpaccountreport
verifyMyerpaccountingreport
verifyMyerppagenav
verifyMyerptrailbalance
verifyMyerpfromdate
 verifyMyerpgetdatabtn]]>
  </system-out>
</testsuite> <!-- com.lpg.qa.accountsTestcases.TrailBalanceTest -->
